Started GET "/" for ::1 at 2020-03-18 21:09:57 +0900
  [1m[35m (20.9ms)[0m  [1m[34mSELECT sqlite_version(*)[0m
Processing by Rails::WelcomeController#index as HTML
  Rendering C:/Ruby26-x64/lib/ruby/gems/2.6.0/gems/railties-6.0.2.1/lib/rails/templates/rails/welcome/index.html.erb
  Rendered C:/Ruby26-x64/lib/ruby/gems/2.6.0/gems/railties-6.0.2.1/lib/rails/templates/rails/welcome/index.html.erb (Duration: 66.3ms | Allocations: 416)
Completed 200 OK in 174ms (Views: 117.7ms | ActiveRecord: 0.0ms | Allocations: 2332)


Started GET "/home/top" for ::1 at 2020-03-18 23:46:05 +0900
  [1m[35m (28.1ms)[0m  [1m[34mSELECT sqlite_version(*)[0m
Processing by HomeController#top as HTML
  Rendering home/top.html.erb within layouts/application
  Rendered home/top.html.erb within layouts/application (Duration: 17.5ms | Allocations: 309)
[Webpacker] Compiling...
[Webpacker] Compiled all packs in C:/Users/Mihane/tweet_app/public/packs
[Webpacker] Hash: 32e57f147dbdcbbf0c82
Version: webpack 4.42.0
Time: 4284ms
Built at: 2020-03-18 23:46:17
                                     Asset       Size       Chunks                         Chunk Names
    js/application-bbe9c4a129ab949e0636.js    124 KiB  application  [emitted] [immutable]  application
js/application-bbe9c4a129ab949e0636.js.map    139 KiB  application  [emitted] [dev]        application
                             manifest.json  364 bytes               [emitted]              
Entrypoint application = js/application-bbe9c4a129ab949e0636.js js/application-bbe9c4a129ab949e0636.js.map
[./app/javascript/channels sync recursive _channel\.js$] ./app/javascript/channels sync _channel\.js$ 160 bytes {application} [built]
[./app/javascript/channels/index.js] 211 bytes {application} [built]
[./app/javascript/packs/application.js] 749 bytes {application} [built]
[./node_modules/webpack/buildin/module.js] (webpack)/buildin/module.js 552 bytes {application} [built]
    + 3 hidden modules

Completed 200 OK in 11564ms (Views: 11522.7ms | ActiveRecord: 0.0ms | Allocations: 21534)


Started GET "/home/top" for ::1 at 2020-03-18 23:57:16 +0900
  [1m[35m (0.2ms)[0m  [1m[34mSELECT sqlite_version(*)[0m
Processing by HomeController#top as HTML
  Rendering home/top.html.erb within layouts/application
  Rendered home/top.html.erb within layouts/application (Duration: 3.6ms | Allocations: 95)
[Webpacker] Everything's up-to-date. Nothing to do
Completed 200 OK in 76ms (Views: 64.3ms | ActiveRecord: 0.0ms | Allocations: 5280)


Started GET "/about" for ::1 at 2020-03-19 00:29:27 +0900
  
ArgumentError (Missing :controller key on routes definition, please check your routes.):
  
config/routes.rb:2:in `block in <top (required)>'
config/routes.rb:1:in `<top (required)>'
Started GET "/about" for ::1 at 2020-03-19 00:31:13 +0900
  [1m[35m (0.2ms)[0m  [1m[34mSELECT sqlite_version(*)[0m
Processing by HomeController#about as HTML
  Rendering home/about.html.erb within layouts/application
  Rendered home/about.html.erb within layouts/application (Duration: 2.1ms | Allocations: 90)
[Webpacker] Everything's up-to-date. Nothing to do
Completed 200 OK in 126ms (Views: 117.8ms | ActiveRecord: 0.0ms | Allocations: 5276)


Started GET "/top" for ::1 at 2020-03-19 00:31:28 +0900
Processing by HomeController#top as HTML
  Rendering home/top.html.erb within layouts/application
  Rendered home/top.html.erb within layouts/application (Duration: 1.2ms | Allocations: 90)
[Webpacker] Everything's up-to-date. Nothing to do
Completed 200 OK in 62ms (Views: 59.3ms | ActiveRecord: 0.0ms | Allocations: 4491)


Started GET "/" for ::1 at 2020-03-20 22:26:46 +0900
  [1m[35m (19.2ms)[0m  [1m[34mSELECT sqlite_version(*)[0m
Processing by Rails::WelcomeController#index as HTML
  Rendering C:/Ruby26-x64/lib/ruby/gems/2.6.0/gems/railties-6.0.2.1/lib/rails/templates/rails/welcome/index.html.erb
  Rendered C:/Ruby26-x64/lib/ruby/gems/2.6.0/gems/railties-6.0.2.1/lib/rails/templates/rails/welcome/index.html.erb (Duration: 53.2ms | Allocations: 416)
Completed 200 OK in 140ms (Views: 94.0ms | ActiveRecord: 0.0ms | Allocations: 2451)


Started GET "/top" for ::1 at 2020-03-20 22:26:53 +0900
Processing by HomeController#top as HTML
  Rendering home/top.html.erb within layouts/application
  Rendered home/top.html.erb within layouts/application (Duration: 6.3ms | Allocations: 101)
[Webpacker] Everything's up-to-date. Nothing to do
Completed 200 OK in 853ms (Views: 848.9ms | ActiveRecord: 0.0ms | Allocations: 19090)


Started GET "/about" for ::1 at 2020-03-20 22:28:29 +0900
Processing by HomeController#about as HTML
  Rendering home/about.html.erb within layouts/application
  Rendered home/about.html.erb within layouts/application (Duration: 9.2ms | Allocations: 99)
[Webpacker] Everything's up-to-date. Nothing to do
Completed 200 OK in 67ms (Views: 63.7ms | ActiveRecord: 0.0ms | Allocations: 4524)


Started GET "/home" for ::1 at 2020-03-20 22:28:53 +0900
  
ActionController::RoutingError (No route matches [GET] "/home"):
  
actionpack (6.0.2.1) lib/action_dispatch/middleware/debug_exceptions.rb:36:in `call'
web-console (4.0.1) lib/web_console/middleware.rb:132:in `call_app'
web-console (4.0.1) lib/web_console/middleware.rb:28:in `block in call'
web-console (4.0.1) lib/web_console/middleware.rb:17:in `catch'
web-console (4.0.1) lib/web_console/middleware.rb:17:in `call'
actionpack (6.0.2.1) lib/action_dispatch/middleware/show_exceptions.rb:33:in `call'
railties (6.0.2.1) lib/rails/rack/logger.rb:38:in `call_app'
railties (6.0.2.1) lib/rails/rack/logger.rb:26:in `block in call'
activesupport (6.0.2.1) lib/active_support/tagged_logging.rb:80:in `block in tagged'
activesupport (6.0.2.1) lib/active_support/tagged_logging.rb:28:in `tagged'
activesupport (6.0.2.1) lib/active_support/tagged_logging.rb:80:in `tagged'
railties (6.0.2.1) lib/rails/rack/logger.rb:26:in `call'
sprockets-rails (3.2.1) lib/sprockets/rails/quiet_assets.rb:13:in `call'
actionpack (6.0.2.1) lib/action_dispatch/middleware/remote_ip.rb:81:in `call'
actionpack (6.0.2.1) lib/action_dispatch/middleware/request_id.rb:27:in `call'
rack (2.2.2) lib/rack/method_override.rb:24:in `call'
rack (2.2.2) lib/rack/runtime.rb:22:in `call'
activesupport (6.0.2.1) lib/active_support/cache/strategy/local_cache_middleware.rb:29:in `call'
actionpack (6.0.2.1) lib/action_dispatch/middleware/executor.rb:14:in `call'
actionpack (6.0.2.1) lib/action_dispatch/middleware/static.rb:126:in `call'
rack (2.2.2) lib/rack/sendfile.rb:110:in `call'
actionpack (6.0.2.1) lib/action_dispatch/middleware/host_authorization.rb:83:in `call'
webpacker (4.2.2) lib/webpacker/dev_server_proxy.rb:23:in `perform_request'
rack-proxy (0.6.5) lib/rack/proxy.rb:57:in `call'
railties (6.0.2.1) lib/rails/engine.rb:526:in `call'
puma (4.3.3) lib/puma/configuration.rb:228:in `call'
puma (4.3.3) lib/puma/server.rb:682:in `handle_request'
puma (4.3.3) lib/puma/server.rb:472:in `process_client'
puma (4.3.3) lib/puma/server.rb:328:in `block in run'
puma (4.3.3) lib/puma/thread_pool.rb:134:in `block in spawn_thread'
Started GET "/top" for ::1 at 2020-03-20 22:29:02 +0900
Processing by HomeController#top as HTML
  Rendering home/top.html.erb within layouts/application
  Rendered home/top.html.erb within layouts/application (Duration: 0.0ms | Allocations: 5)
[Webpacker] Everything's up-to-date. Nothing to do
Completed 200 OK in 59ms (Views: 57.7ms | ActiveRecord: 0.0ms | Allocations: 4310)


Started GET "/top" for ::1 at 2020-03-20 22:39:00 +0900
  [1m[35m (0.1ms)[0m  [1m[34mSELECT sqlite_version(*)[0m
Processing by HomeController#top as HTML
  Rendering home/top.html.erb within layouts/application
  Rendered home/top.html.erb within layouts/application (Duration: 0.1ms | Allocations: 4)
[Webpacker] Everything's up-to-date. Nothing to do
Completed 200 OK in 220ms (Views: 219.6ms | ActiveRecord: 0.0ms | Allocations: 12509)


Started GET "/top" for ::1 at 2020-03-20 22:39:52 +0900
Processing by HomeController#top as HTML
  Rendering home/top.html.erb within layouts/application
  Rendered home/top.html.erb within layouts/application (Duration: 0.1ms | Allocations: 4)
[Webpacker] Everything's up-to-date. Nothing to do
Completed 200 OK in 205ms (Views: 203.5ms | ActiveRecord: 0.0ms | Allocations: 12584)


Started GET "/" for ::1 at 2020-03-20 22:43:13 +0900
  [1m[35m (0.1ms)[0m  [1m[34mSELECT sqlite_version(*)[0m
Processing by HomeController#top as HTML
  Rendering home/top.html.erb within layouts/application
  Rendered home/top.html.erb within layouts/application (Duration: 0.1ms | Allocations: 4)
[Webpacker] Everything's up-to-date. Nothing to do
Completed 200 OK in 63ms (Views: 62.3ms | ActiveRecord: 0.0ms | Allocations: 4456)


Started GET "/" for ::1 at 2020-03-20 22:58:17 +0900
  [1m[35m (0.1ms)[0m  [1m[34mSELECT sqlite_version(*)[0m
Processing by HomeController#top as HTML
  Rendering home/top.html.erb within layouts/application
  Rendered home/top.html.erb within layouts/application (Duration: 1.8ms | Allocations: 102)
[Webpacker] Everything's up-to-date. Nothing to do
Completed 200 OK in 76ms (Views: 72.7ms | ActiveRecord: 0.0ms | Allocations: 5319)


Started GET "/" for ::1 at 2020-03-20 22:58:20 +0900
Processing by HomeController#top as HTML
  Rendering home/top.html.erb within layouts/application
  Rendered home/top.html.erb within layouts/application (Duration: 0.0ms | Allocations: 4)
[Webpacker] Everything's up-to-date. Nothing to do
Completed 200 OK in 54ms (Views: 52.9ms | ActiveRecord: 0.0ms | Allocations: 4290)


Started GET "/" for ::1 at 2020-03-20 22:58:21 +0900
Processing by HomeController#top as HTML
  Rendering home/top.html.erb within layouts/application
  Rendered home/top.html.erb within layouts/application (Duration: 0.0ms | Allocations: 4)
[Webpacker] Everything's up-to-date. Nothing to do
Completed 200 OK in 56ms (Views: 55.2ms | ActiveRecord: 0.0ms | Allocations: 4293)


Started GET "/about" for ::1 at 2020-03-20 22:58:24 +0900
Processing by HomeController#about as HTML
  Rendering home/about.html.erb within layouts/application
  Rendered home/about.html.erb within layouts/application (Duration: 1.2ms | Allocations: 98)
[Webpacker] Everything's up-to-date. Nothing to do
Completed 200 OK in 89ms (Views: 82.5ms | ActiveRecord: 0.0ms | Allocations: 4526)


Started GET "/" for ::1 at 2020-03-20 22:58:30 +0900
Processing by HomeController#top as HTML
  Rendering home/top.html.erb within layouts/application
  Rendered home/top.html.erb within layouts/application (Duration: 0.0ms | Allocations: 4)
[Webpacker] Everything's up-to-date. Nothing to do
Completed 200 OK in 61ms (Views: 60.1ms | ActiveRecord: 0.0ms | Allocations: 4290)


Started GET "/posts/index" for ::1 at 2020-03-21 17:02:20 +0900
  [1m[35m (13.1ms)[0m  [1m[34mSELECT sqlite_version(*)[0m
Processing by PostsController#index as HTML
  Rendering posts/index.html.erb within layouts/application
  Rendered posts/index.html.erb within layouts/application (Duration: 6.9ms | Allocations: 332)
[Webpacker] Everything's up-to-date. Nothing to do
Completed 200 OK in 725ms (Views: 692.0ms | ActiveRecord: 0.0ms | Allocations: 25164)


Started GET "/about" for ::1 at 2020-03-21 17:02:30 +0900
Processing by HomeController#about as HTML
  Rendering home/about.html.erb within layouts/application
  Rendered home/about.html.erb within layouts/application (Duration: 7.3ms | Allocations: 101)
[Webpacker] Everything's up-to-date. Nothing to do
Completed 200 OK in 87ms (Views: 84.2ms | ActiveRecord: 0.0ms | Allocations: 5130)


Started GET "/" for ::1 at 2020-03-21 17:02:34 +0900
Processing by HomeController#top as HTML
  Rendering home/top.html.erb within layouts/application
  Rendered home/top.html.erb within layouts/application (Duration: 6.6ms | Allocations: 100)
[Webpacker] Everything's up-to-date. Nothing to do
Completed 200 OK in 72ms (Views: 69.4ms | ActiveRecord: 0.0ms | Allocations: 4689)


Started GET "/posts/index" for ::1 at 2020-03-21 17:14:33 +0900
  [1m[35m (0.1ms)[0m  [1m[34mSELECT sqlite_version(*)[0m
Processing by PostsController#index as HTML
  Rendering posts/index.html.erb within layouts/application
  Rendered posts/index.html.erb within layouts/application (Duration: 1.0ms | Allocations: 174)
[Webpacker] Everything's up-to-date. Nothing to do
Completed 200 OK in 60ms (Views: 56.3ms | ActiveRecord: 0.0ms | Allocations: 5540)


Started GET "/posts/index" for ::1 at 2020-03-21 17:25:01 +0900
  [1m[35m (0.1ms)[0m  [1m[34mSELECT sqlite_version(*)[0m
Processing by PostsController#index as HTML
  Rendering posts/index.html.erb within layouts/application
  Rendered posts/index.html.erb within layouts/application (Duration: 1.5ms | Allocations: 197)
[Webpacker] Everything's up-to-date. Nothing to do
Completed 200 OK in 69ms (Views: 66.7ms | ActiveRecord: 0.0ms | Allocations: 5564)


Started GET "/posts/index" for ::1 at 2020-03-21 17:31:32 +0900
  [1m[35m (0.2ms)[0m  [1m[34mSELECT sqlite_version(*)[0m
Processing by PostsController#index as HTML
  Rendering posts/index.html.erb within layouts/application
  Rendered posts/index.html.erb within layouts/application (Duration: 1.2ms | Allocations: 171)
[Webpacker] Everything's up-to-date. Nothing to do
Completed 200 OK in 88ms (Views: 81.4ms | ActiveRecord: 0.0ms | Allocations: 5555)


  [1m[35m (3.5ms)[0m  [1m[34mSELECT sqlite_version(*)[0m
  [1m[35m (25.7ms)[0m  [1m[35mCREATE TABLE "schema_migrations" ("version" varchar NOT NULL PRIMARY KEY)[0m
  [1m[35m (25.0ms)[0m  [1m[35mCREATE TABLE "ar_internal_metadata" ("key" varchar NOT NULL PRIMARY KEY, "value" varchar, "created_at" datetime(6) NOT NULL, "updated_at" datetime(6) NOT NULL)[0m
  [1m[35m (0.5ms)[0m  [1m[34mSELECT "schema_migrations"."version" FROM "schema_migrations" ORDER BY "schema_migrations"."version" ASC[0m
Migrating to CreatePosts (20200321083436)
  [1m[35m (0.2ms)[0m  [1m[36mbegin transaction[0m
  [1m[35m (2.2ms)[0m  [1m[35mCREATE TABLE "posts" ("id" integer PRIMARY KEY AUTOINCREMENT NOT NULL, "content" text, "created_at" datetime(6) NOT NULL, "updated_at" datetime(6) NOT NULL)[0m
  [1m[36mprimary::SchemaMigration Create (0.7ms)[0m  [1m[32mINSERT INTO "schema_migrations" ("version") VALUES (?)[0m  [["version", "20200321083436"]]
  [1m[35m (19.3ms)[0m  [1m[36mcommit transaction[0m
  [1m[36mActiveRecord::InternalMetadata Load (0.8ms)[0m  [1m[34mSELECT "ar_internal_metadata".* FROM "ar_internal_metadata" WHERE "ar_internal_metadata"."key" = ? LIMIT ?[0m  [["key", "environment"], ["LIMIT", 1]]
  [1m[35m (0.1ms)[0m  [1m[36mbegin transaction[0m
  [1m[36mActiveRecord::InternalMetadata Create (1.3ms)[0m  [1m[32mINSERT INTO "ar_internal_metadata" ("key", "value", "created_at", "updated_at") VALUES (?, ?, ?, ?)[0m  [["key", "environment"], ["value", "development"], ["created_at", "2020-03-21 08:38:44.414775"], ["updated_at", "2020-03-21 08:38:44.414775"]]
  [1m[35m (21.2ms)[0m  [1m[36mcommit transaction[0m
  [1m[35m (0.1ms)[0m  [1m[34mSELECT sqlite_version(*)[0m
  [1m[35m (0.5ms)[0m  [1m[34mSELECT "schema_migrations"."version" FROM "schema_migrations" ORDER BY "schema_migrations"."version" ASC[0m
  [1m[35m (3.7ms)[0m  [1m[34mSELECT sqlite_version(*)[0m
  [1m[35m (12.1ms)[0m  [1m[34mSELECT sqlite_version(*)[0m
  [1m[35m (0.1ms)[0m  [1m[36mbegin transaction[0m
  [1m[36mPost Create (1.5ms)[0m  [1m[32mINSERT INTO "posts" ("content", "created_at", "updated_at") VALUES (?, ?, ?)[0m  [["content", "Hello!!"], ["created_at", "2020-03-28 07:46:43.300403"], ["updated_at", "2020-03-28 07:46:43.300403"]]
  [1m[35m (31.7ms)[0m  [1m[36mcommit transaction[0m
  [1m[35m (0.1ms)[0m  [1m[36mbegin transaction[0m
  [1m[36mPost Create (5.9ms)[0m  [1m[32mINSERT INTO "posts" ("content", "created_at", "updated_at") VALUES (?, ?, ?)[0m  [["content", "This is Tweet_app."], ["created_at", "2020-03-28 07:46:57.574832"], ["updated_at", "2020-03-28 07:46:57.574832"]]
  [1m[35m (23.3ms)[0m  [1m[36mcommit transaction[0m
  [1m[35m (0.1ms)[0m  [1m[36mbegin transaction[0m
  [1m[36mPost Create (8.0ms)[0m  [1m[32mINSERT INTO "posts" ("content", "created_at", "updated_at") VALUES (?, ?, ?)[0m  [["content", "Nice to meet you."], ["created_at", "2020-03-28 07:47:02.494260"], ["updated_at", "2020-03-28 07:47:02.494260"]]
  [1m[35m (24.8ms)[0m  [1m[36mcommit transaction[0m
Started GET "/posts/index" for ::1 at 2020-03-28 16:47:55 +0900
  [1m[35m (11.2ms)[0m  [1m[34mSELECT sqlite_version(*)[0m
  [1m[35m (0.6ms)[0m  [1m[34mSELECT "schema_migrations"."version" FROM "schema_migrations" ORDER BY "schema_migrations"."version" ASC[0m
Processing by PostsController#index as HTML
  Rendering posts/index.html.erb within layouts/application
  [1m[36mPost Load (0.6ms)[0m  [1m[34mSELECT "posts".* FROM "posts"[0m
  ↳ app/views/posts/index.html.erb:15
  Rendered posts/index.html.erb within layouts/application (Duration: 66.1ms | Allocations: 3909)
[Webpacker] Everything's up-to-date. Nothing to do
Completed 200 OK in 677ms (Views: 593.9ms | ActiveRecord: 3.0ms | Allocations: 14048)


Started GET "/posts/index" for ::1 at 2020-03-28 17:00:28 +0900
  [1m[35m (0.4ms)[0m  [1m[34mSELECT sqlite_version(*)[0m
Processing by PostsController#index as HTML
  Rendering posts/index.html.erb within layouts/application
  [1m[36mPost Load (1.1ms)[0m  [1m[34mSELECT "posts".* FROM "posts"[0m
  ↳ app/views/posts/index.html.erb:6
  Rendered posts/index.html.erb within layouts/application (Duration: 6.6ms | Allocations: 781)
[Webpacker] Everything's up-to-date. Nothing to do
Completed 200 OK in 82ms (Views: 77.4ms | ActiveRecord: 1.1ms | Allocations: 6197)


Started GET "/posts/index" for ::1 at 2020-03-28 17:02:22 +0900
Processing by PostsController#index as HTML
  Rendering posts/index.html.erb within layouts/application
  [1m[36mPost Load (0.3ms)[0m  [1m[34mSELECT "posts".* FROM "posts"[0m
  ↳ app/views/posts/index.html.erb:6
  Rendered posts/index.html.erb within layouts/application (Duration: 3.4ms | Allocations: 770)
[Webpacker] Everything's up-to-date. Nothing to do
Completed 200 OK in 64ms (Views: 61.6ms | ActiveRecord: 0.3ms | Allocations: 6166)


Started GET "/" for ::1 at 2020-03-28 17:02:23 +0900
Processing by HomeController#top as HTML
  Rendering home/top.html.erb within layouts/application
  Rendered home/top.html.erb within layouts/application (Duration: 0.8ms | Allocations: 89)
[Webpacker] Everything's up-to-date. Nothing to do
Completed 200 OK in 81ms (Views: 77.9ms | ActiveRecord: 0.0ms | Allocations: 5112)


Started GET "/about" for ::1 at 2020-03-28 17:02:26 +0900
Processing by HomeController#about as HTML
  Rendering home/about.html.erb within layouts/application
  Rendered home/about.html.erb within layouts/application (Duration: 0.9ms | Allocations: 91)
[Webpacker] Everything's up-to-date. Nothing to do
Completed 200 OK in 69ms (Views: 66.4ms | ActiveRecord: 0.0ms | Allocations: 4694)


Started GET "/" for ::1 at 2020-03-28 17:02:36 +0900
Processing by HomeController#top as HTML
  Rendering home/top.html.erb within layouts/application
  Rendered home/top.html.erb within layouts/application (Duration: 0.1ms | Allocations: 4)
[Webpacker] Everything's up-to-date. Nothing to do
Completed 200 OK in 59ms (Views: 57.9ms | ActiveRecord: 0.0ms | Allocations: 4456)


Started GET "/" for ::1 at 2020-03-28 17:14:38 +0900
  [1m[35m (0.2ms)[0m  [1m[34mSELECT sqlite_version(*)[0m
Processing by HomeController#top as HTML
  Rendering home/top.html.erb within layouts/application
  Rendered home/top.html.erb within layouts/application (Duration: 1.2ms | Allocations: 87)
[Webpacker] Everything's up-to-date. Nothing to do
Completed 200 OK in 63ms (Views: 59.9ms | ActiveRecord: 0.0ms | Allocations: 5579)


Started GET "/posts/index" for ::1 at 2020-03-28 17:14:53 +0900
Processing by PostsController#index as HTML
  Rendering posts/index.html.erb within layouts/application
  [1m[36mPost Load (0.5ms)[0m  [1m[34mSELECT "posts".* FROM "posts"[0m
  ↳ app/views/posts/index.html.erb:6
  Rendered posts/index.html.erb within layouts/application (Duration: 4.2ms | Allocations: 776)
[Webpacker] Everything's up-to-date. Nothing to do
Completed 200 OK in 71ms (Views: 67.3ms | ActiveRecord: 0.5ms | Allocations: 5843)


Started GET "/about" for ::1 at 2020-03-28 17:14:56 +0900
Processing by HomeController#about as HTML
  Rendering home/about.html.erb within layouts/application
  Rendered home/about.html.erb within layouts/application (Duration: 0.8ms | Allocations: 87)
[Webpacker] Everything's up-to-date. Nothing to do
Completed 200 OK in 61ms (Views: 58.4ms | ActiveRecord: 0.0ms | Allocations: 4712)


Started GET "/" for ::1 at 2020-03-28 17:14:58 +0900
Processing by HomeController#top as HTML
  Rendering home/top.html.erb within layouts/application
  Rendered home/top.html.erb within layouts/application (Duration: 0.0ms | Allocations: 4)
[Webpacker] Everything's up-to-date. Nothing to do
Completed 200 OK in 57ms (Views: 56.0ms | ActiveRecord: 0.0ms | Allocations: 4493)


Started GET "/" for ::1 at 2020-03-28 17:17:51 +0900
Processing by HomeController#top as HTML
  Rendering home/top.html.erb within layouts/application
  Rendered home/top.html.erb within layouts/application (Duration: 0.0ms | Allocations: 4)
[Webpacker] Everything's up-to-date. Nothing to do
Completed 200 OK in 592ms (Views: 591.6ms | ActiveRecord: 0.0ms | Allocations: 14756)


Started GET "/about" for ::1 at 2020-03-28 17:17:57 +0900
Processing by HomeController#about as HTML
  Rendering home/about.html.erb within layouts/application
  Rendered home/about.html.erb within layouts/application (Duration: 0.0ms | Allocations: 4)
[Webpacker] Everything's up-to-date. Nothing to do
Completed 200 OK in 67ms (Views: 66.1ms | ActiveRecord: 0.0ms | Allocations: 4492)


Started GET "/posts/index" for ::1 at 2020-03-28 17:17:59 +0900
Processing by PostsController#index as HTML
  Rendering posts/index.html.erb within layouts/application
  [1m[36mPost Load (0.2ms)[0m  [1m[34mSELECT "posts".* FROM "posts"[0m
  ↳ app/views/posts/index.html.erb:6
  Rendered posts/index.html.erb within layouts/application (Duration: 2.5ms | Allocations: 619)
[Webpacker] Everything's up-to-date. Nothing to do
Completed 200 OK in 65ms (Views: 63.6ms | ActiveRecord: 0.2ms | Allocations: 5126)


Started GET "/" for ::1 at 2020-03-28 17:18:29 +0900
Processing by HomeController#top as HTML
  Rendering home/top.html.erb within layouts/application
  Rendered home/top.html.erb within layouts/application (Duration: 0.0ms | Allocations: 4)
[Webpacker] Everything's up-to-date. Nothing to do
Completed 200 OK in 301ms (Views: 300.3ms | ActiveRecord: 0.0ms | Allocations: 14610)


Started GET "/" for ::1 at 2020-03-28 17:18:30 +0900
Processing by HomeController#top as HTML
  Rendering home/top.html.erb within layouts/application
  Rendered home/top.html.erb within layouts/application (Duration: 0.1ms | Allocations: 4)
[Webpacker] Everything's up-to-date. Nothing to do
Completed 200 OK in 78ms (Views: 75.8ms | ActiveRecord: 0.0ms | Allocations: 4336)


Started GET "/" for ::1 at 2020-03-28 17:20:13 +0900
Processing by HomeController#top as HTML
  Rendering home/top.html.erb within layouts/application
  Rendered home/top.html.erb within layouts/application (Duration: 0.1ms | Allocations: 4)
[Webpacker] Everything's up-to-date. Nothing to do
Completed 200 OK in 213ms (Views: 211.5ms | ActiveRecord: 0.0ms | Allocations: 15549)


Started GET "/" for ::1 at 2020-03-28 17:20:57 +0900
Processing by HomeController#top as HTML
  Rendering home/top.html.erb within layouts/application
  Rendered home/top.html.erb within layouts/application (Duration: 0.1ms | Allocations: 4)
[Webpacker] Everything's up-to-date. Nothing to do
Completed 200 OK in 202ms (Views: 200.5ms | ActiveRecord: 0.0ms | Allocations: 14688)


Started GET "/" for ::1 at 2020-03-28 17:21:41 +0900
Processing by HomeController#top as HTML
  Rendering home/top.html.erb within layouts/application
  Rendered home/top.html.erb within layouts/application (Duration: 0.2ms | Allocations: 4)
[Webpacker] Everything's up-to-date. Nothing to do
Completed 200 OK in 217ms (Views: 215.6ms | ActiveRecord: 0.0ms | Allocations: 15513)


Started GET "/" for ::1 at 2020-03-29 17:01:46 +0900
  [1m[35m (0.8ms)[0m  [1m[34mSELECT sqlite_version(*)[0m
Processing by HomeController#top as HTML
  Rendering home/top.html.erb within layouts/application
  Rendered home/top.html.erb within layouts/application (Duration: 13.7ms | Allocations: 91)
[Webpacker] Everything's up-to-date. Nothing to do
Completed 200 OK in 273ms (Views: 266.1ms | ActiveRecord: 0.0ms | Allocations: 5594)


Started GET "/posts/new" for ::1 at 2020-03-29 17:01:50 +0900
Processing by PostsController#new as HTML
  Rendering posts/new.html.erb within layouts/application
  Rendered posts/new.html.erb within layouts/application (Duration: 2.2ms | Allocations: 254)
[Webpacker] Everything's up-to-date. Nothing to do
Completed 200 OK in 65ms (Views: 61.6ms | ActiveRecord: 0.0ms | Allocations: 5333)


Started POST "/posts/create" for ::1 at 2020-03-29 17:01:56 +0900
Processing by PostsController#create as HTML
  Parameters: {"authenticity_token"=>"KK2s2pe1nULGK2ia8eWkYrJpegMz7n7UikbP+kg6yMnSRpuxX4LwExu/xaafl6mt+X2x8rINE4R4iTY5BXFbEg==", "content"=>"aiu"}
  [1m[35m (0.1ms)[0m  [1m[36mbegin transaction[0m
  ↳ app/controllers/posts_controller.rb:14:in `create'
  [1m[36mPost Create (1.9ms)[0m  [1m[32mINSERT INTO "posts" ("content", "created_at", "updated_at") VALUES (?, ?, ?)[0m  [["content", "aiu"], ["created_at", "2020-03-29 08:01:56.750370"], ["updated_at", "2020-03-29 08:01:56.750370"]]
  ↳ app/controllers/posts_controller.rb:14:in `create'
  [1m[35m (15.4ms)[0m  [1m[36mcommit transaction[0m
  ↳ app/controllers/posts_controller.rb:14:in `create'
Redirected to http://localhost:3000/posts/index
Completed 302 Found in 62ms (ActiveRecord: 17.5ms | Allocations: 5350)


Started GET "/posts/index" for ::1 at 2020-03-29 17:01:56 +0900
Processing by PostsController#index as HTML
Completed 500 Internal Server Error in 359ms (ActiveRecord: 0.0ms | Allocations: 97608)


  
NameError (undefined local variable or method `desc' for #<PostsController:0x000000000bf33d00>):
  
app/controllers/posts_controller.rb:3:in `index'
Started POST "/posts/create" for ::1 at 2020-03-29 17:02:00 +0900
  [1m[35m (0.1ms)[0m  [1m[34mSELECT sqlite_version(*)[0m
Processing by PostsController#create as HTML
  Parameters: {"authenticity_token"=>"KK2s2pe1nULGK2ia8eWkYrJpegMz7n7UikbP+kg6yMnSRpuxX4LwExu/xaafl6mt+X2x8rINE4R4iTY5BXFbEg==", "content"=>"aiu"}
  [1m[35m (0.1ms)[0m  [1m[36mbegin transaction[0m
  ↳ app/controllers/posts_controller.rb:14:in `create'
  [1m[36mPost Create (1.5ms)[0m  [1m[32mINSERT INTO "posts" ("content", "created_at", "updated_at") VALUES (?, ?, ?)[0m  [["content", "aiu"], ["created_at", "2020-03-29 08:02:00.478442"], ["updated_at", "2020-03-29 08:02:00.478442"]]
  ↳ app/controllers/posts_controller.rb:14:in `create'
  [1m[35m (14.1ms)[0m  [1m[36mcommit transaction[0m
  ↳ app/controllers/posts_controller.rb:14:in `create'
Redirected to http://localhost:3000/posts/index
Completed 302 Found in 30ms (ActiveRecord: 15.7ms | Allocations: 5132)


Started GET "/posts/index" for ::1 at 2020-03-29 17:02:00 +0900
Processing by PostsController#index as HTML
Completed 500 Internal Server Error in 390ms (ActiveRecord: 0.0ms | Allocations: 98112)


  
NameError (undefined local variable or method `desc' for #<PostsController:0x000000000c289a18>):
  
app/controllers/posts_controller.rb:3:in `index'
Started POST "/posts/create" for ::1 at 2020-03-29 17:02:01 +0900
  [1m[35m (0.2ms)[0m  [1m[34mSELECT sqlite_version(*)[0m
Processing by PostsController#create as HTML
  Parameters: {"authenticity_token"=>"KK2s2pe1nULGK2ia8eWkYrJpegMz7n7UikbP+kg6yMnSRpuxX4LwExu/xaafl6mt+X2x8rINE4R4iTY5BXFbEg==", "content"=>"aiu"}
  [1m[35m (0.1ms)[0m  [1m[36mbegin transaction[0m
  ↳ app/controllers/posts_controller.rb:14:in `create'
  [1m[36mPost Create (1.1ms)[0m  [1m[32mINSERT INTO "posts" ("content", "created_at", "updated_at") VALUES (?, ?, ?)[0m  [["content", "aiu"], ["created_at", "2020-03-29 08:02:01.565728"], ["updated_at", "2020-03-29 08:02:01.565728"]]
  ↳ app/controllers/posts_controller.rb:14:in `create'
  [1m[35m (15.2ms)[0m  [1m[36mcommit transaction[0m
  ↳ app/controllers/posts_controller.rb:14:in `create'
Redirected to http://localhost:3000/posts/index
Completed 302 Found in 31ms (ActiveRecord: 16.4ms | Allocations: 5936)


Started GET "/posts/index" for ::1 at 2020-03-29 17:02:01 +0900
Processing by PostsController#index as HTML
Completed 500 Internal Server Error in 333ms (ActiveRecord: 0.0ms | Allocations: 105415)


  
NameError (undefined local variable or method `desc' for #<PostsController:0x00000000057f3370>):
  
app/controllers/posts_controller.rb:3:in `index'
Started GET "/posts/index" for ::1 at 2020-03-29 17:03:06 +0900
  [1m[35m (0.2ms)[0m  [1m[34mSELECT sqlite_version(*)[0m
Processing by PostsController#index as HTML
Completed 500 Internal Server Error in 467ms (ActiveRecord: 0.0ms | Allocations: 97964)


  
NameError (undefined local variable or method `desc' for #<PostsController:0x000000000bcb84b8>):
  
app/controllers/posts_controller.rb:3:in `index'
Started GET "/" for ::1 at 2020-03-29 17:03:57 +0900
Processing by HomeController#top as HTML
  Rendering home/top.html.erb within layouts/application
  Rendered home/top.html.erb within layouts/application (Duration: 0.1ms | Allocations: 4)
[Webpacker] Everything's up-to-date. Nothing to do
Completed 200 OK in 52ms (Views: 50.7ms | ActiveRecord: 0.0ms | Allocations: 4706)


Started GET "/about" for ::1 at 2020-03-29 17:04:00 +0900
Processing by HomeController#about as HTML
  Rendering home/about.html.erb within layouts/application
  Rendered home/about.html.erb within layouts/application (Duration: 6.7ms | Allocations: 91)
[Webpacker] Everything's up-to-date. Nothing to do
Completed 200 OK in 82ms (Views: 79.4ms | ActiveRecord: 0.0ms | Allocations: 4731)


Started GET "/posts/index" for ::1 at 2020-03-29 17:04:02 +0900
Processing by PostsController#index as HTML
Completed 500 Internal Server Error in 318ms (ActiveRecord: 0.0ms | Allocations: 97594)


  
NameError (undefined local variable or method `desc' for #<PostsController:0x000000000c14a378>):
  
app/controllers/posts_controller.rb:3:in `index'
Started GET "/posts/index" for ::1 at 2020-03-29 17:04:50 +0900
  [1m[35m (0.1ms)[0m  [1m[34mSELECT sqlite_version(*)[0m
Processing by PostsController#index as HTML
  Rendering posts/index.html.erb within layouts/application
  [1m[36mPost Load (0.4ms)[0m  [1m[34mSELECT "posts".* FROM "posts" ORDER BY "posts"."created_at" DESC[0m
  ↳ app/views/posts/index.html.erb:6
  Rendered posts/index.html.erb within layouts/application (Duration: 8.5ms | Allocations: 3161)
[Webpacker] Everything's up-to-date. Nothing to do
Completed 200 OK in 82ms (Views: 73.6ms | ActiveRecord: 2.0ms | Allocations: 8777)


Started GET "/posts/new" for ::1 at 2020-03-29 17:04:54 +0900
Processing by PostsController#new as HTML
  Rendering posts/new.html.erb within layouts/application
  Rendered posts/new.html.erb within layouts/application (Duration: 0.5ms | Allocations: 94)
[Webpacker] Everything's up-to-date. Nothing to do
Completed 200 OK in 69ms (Views: 68.5ms | ActiveRecord: 0.0ms | Allocations: 4595)


Started POST "/posts/create" for ::1 at 2020-03-29 17:05:02 +0900
Processing by PostsController#create as HTML
  Parameters: {"authenticity_token"=>"b7dlIB9nMVfa4DhfQV5M2bICSW61BfOD0slyJJVD1ReVXFJL11BcBgd0lWMvLEEW+RaCnzTmntMgBovn2AhGzA==", "content"=>"akasa"}
  [1m[35m (0.1ms)[0m  [1m[36mbegin transaction[0m
  ↳ app/controllers/posts_controller.rb:14:in `create'
  [1m[36mPost Create (6.3ms)[0m  [1m[32mINSERT INTO "posts" ("content", "created_at", "updated_at") VALUES (?, ?, ?)[0m  [["content", "akasa"], ["created_at", "2020-03-29 08:05:02.460628"], ["updated_at", "2020-03-29 08:05:02.460628"]]
  ↳ app/controllers/posts_controller.rb:14:in `create'
  [1m[35m (18.1ms)[0m  [1m[36mcommit transaction[0m
  ↳ app/controllers/posts_controller.rb:14:in `create'
Redirected to http://localhost:3000/posts/index
Completed 302 Found in 34ms (ActiveRecord: 24.5ms | Allocations: 2412)


Started GET "/posts/index" for ::1 at 2020-03-29 17:05:02 +0900
Processing by PostsController#index as HTML
  Rendering posts/index.html.erb within layouts/application
  [1m[36mPost Load (0.3ms)[0m  [1m[34mSELECT "posts".* FROM "posts" ORDER BY "posts"."created_at" DESC[0m
  ↳ app/views/posts/index.html.erb:6
  Rendered posts/index.html.erb within layouts/application (Duration: 2.8ms | Allocations: 668)
[Webpacker] Everything's up-to-date. Nothing to do
Completed 200 OK in 53ms (Views: 51.4ms | ActiveRecord: 0.3ms | Allocations: 5201)


Started GET "/posts/new" for ::1 at 2020-03-29 17:05:07 +0900
Processing by PostsController#new as HTML
  Rendering posts/new.html.erb within layouts/application
  Rendered posts/new.html.erb within layouts/application (Duration: 1.2ms | Allocations: 93)
[Webpacker] Everything's up-to-date. Nothing to do
Completed 200 OK in 80ms (Views: 78.8ms | ActiveRecord: 0.0ms | Allocations: 4590)


Started POST "/posts/create" for ::1 at 2020-03-29 17:05:15 +0900
Processing by PostsController#create as HTML
  Parameters: {"authenticity_token"=>"zBgTavaS5HBOYRzGBiWKopgAh/W7ey+umCQSrqznXv028yQBPqWJIZP1sfpoV4dt0xRMBDqYQv5q6+tt4azNJg==", "content"=>"あいう\r\n"}
  [1m[35m (0.1ms)[0m  [1m[36mbegin transaction[0m
  ↳ app/controllers/posts_controller.rb:14:in `create'
  [1m[36mPost Create (2.2ms)[0m  [1m[32mINSERT INTO "posts" ("content", "created_at", "updated_at") VALUES (?, ?, ?)[0m  [["content", "あいう\r\n"], ["created_at", "2020-03-29 08:05:15.561251"], ["updated_at", "2020-03-29 08:05:15.561251"]]
  ↳ app/controllers/posts_controller.rb:14:in `create'
  [1m[35m (26.1ms)[0m  [1m[36mcommit transaction[0m
  ↳ app/controllers/posts_controller.rb:14:in `create'
Redirected to http://localhost:3000/posts/index
Completed 302 Found in 43ms (ActiveRecord: 28.5ms | Allocations: 2391)


Started GET "/posts/index" for ::1 at 2020-03-29 17:05:15 +0900
Processing by PostsController#index as HTML
  Rendering posts/index.html.erb within layouts/application
  [1m[36mPost Load (0.7ms)[0m  [1m[34mSELECT "posts".* FROM "posts" ORDER BY "posts"."created_at" DESC[0m
  ↳ app/views/posts/index.html.erb:6
  Rendered posts/index.html.erb within layouts/application (Duration: 5.0ms | Allocations: 682)
[Webpacker] Everything's up-to-date. Nothing to do
Completed 200 OK in 80ms (Views: 76.7ms | ActiveRecord: 0.7ms | Allocations: 5211)


Started GET "/" for ::1 at 2020-03-29 17:05:28 +0900
Processing by HomeController#top as HTML
  Rendering home/top.html.erb within layouts/application
  Rendered home/top.html.erb within layouts/application (Duration: 0.1ms | Allocations: 4)
[Webpacker] Everything's up-to-date. Nothing to do
Completed 200 OK in 73ms (Views: 71.4ms | ActiveRecord: 0.0ms | Allocations: 4670)


Started GET "/posts/index" for ::1 at 2020-03-29 17:05:30 +0900
Processing by PostsController#index as HTML
  Rendering posts/index.html.erb within layouts/application
  [1m[36mPost Load (0.4ms)[0m  [1m[34mSELECT "posts".* FROM "posts" ORDER BY "posts"."created_at" DESC[0m
  ↳ app/views/posts/index.html.erb:6
  Rendered posts/index.html.erb within layouts/application (Duration: 3.4ms | Allocations: 681)
[Webpacker] Everything's up-to-date. Nothing to do
Completed 200 OK in 61ms (Views: 59.2ms | ActiveRecord: 0.4ms | Allocations: 5211)


Started GET "/posts/index" for ::1 at 2020-03-29 17:23:22 +0900
  [1m[35m (0.5ms)[0m  [1m[34mSELECT sqlite_version(*)[0m
Processing by PostsController#index as HTML
  Rendering posts/index.html.erb within layouts/application
  Rendered posts/index.html.erb within layouts/application (Duration: 2.5ms | Allocations: 1036)
Completed 500 Internal Server Error in 16ms (ActiveRecord: 0.0ms | Allocations: 2261)


  
ActionView::SyntaxErrorInTemplate (Encountered a syntax error while rendering template: check 

<div class="main posts-index">
  <div class="container">
    <% @posts.each do |post| %>
    <div class="posts-index-item">
      <%= link_to(post.content,"/posts/#{post.id} %>
    </div>
    <% end %>
  </div>
</div>

):
1:    
2:    
3:    <div class="main posts-index">
4:      <div class="container">
5:        <% @posts.each do |post| %>
6:        <div class="posts-index-item">
7:          <%= link_to(post.content,"/posts/#{post.id} %>
8:        </div>
9:        <% end %>
10:      </div>
11:    </div>
  
app/views/posts/index.html.erb:14: unterminated string meets end of file
app/views/posts/index.html.erb:14: syntax error, unexpected end-of-input, expecting ')'
app/views/posts/index.html.erb:14: unterminated string meets end of file
app/views/posts/index.html.erb:14: syntax error, unexpected end-of-input, expecting ')'
app/views/posts/index.html.erb:14: unterminated string meets end of file
app/views/posts/index.html.erb:14: syntax error, unexpected end-of-input, expecting ')'
app/views/posts/index.html.erb:14: unterminated string meets end of file
app/views/posts/index.html.erb:14: syntax error, unexpected end-of-input, expecting ')'
app/views/posts/index.html.erb:14: unterminated string meets end of file
app/views/posts/index.html.erb:14: syntax error, unexpected end-of-input, expecting ')'
app/views/posts/index.html.erb:14: unterminated string meets end of file
app/views/posts/index.html.erb:14: syntax error, unexpected end-of-input, expecting ')'
Started GET "/posts/index" for ::1 at 2020-03-29 17:25:52 +0900
Processing by PostsController#index as HTML
  Rendering posts/index.html.erb within layouts/application
  [1m[36mPost Load (0.5ms)[0m  [1m[34mSELECT "posts".* FROM "posts" ORDER BY "posts"."created_at" DESC[0m
  ↳ app/views/posts/index.html.erb:5
  Rendered posts/index.html.erb within layouts/application (Duration: 5.9ms | Allocations: 958)
[Webpacker] Everything's up-to-date. Nothing to do
Completed 200 OK in 63ms (Views: 58.4ms | ActiveRecord: 0.5ms | Allocations: 6512)


Started GET "/posts/6" for ::1 at 2020-03-29 17:25:54 +0900
Processing by PostsController#show as HTML
  Parameters: {"id"=>"6"}
  [1m[36mPost Load (0.5ms)[0m  [1m[34mSELECT "posts".* FROM "posts" WHERE "posts"."id" = ? LIMIT ?[0m  [["id", 6], ["LIMIT", 1]]
  ↳ app/controllers/posts_controller.rb:6:in `show'
  Rendering posts/show.html.erb within layouts/application
  Rendered posts/show.html.erb within layouts/application (Duration: 0.9ms | Allocations: 173)
[Webpacker] Everything's up-to-date. Nothing to do
Completed 200 OK in 88ms (Views: 61.0ms | ActiveRecord: 0.5ms | Allocations: 5983)


